11:03:59 ==== screen capture start  log=/home/ewerton/projects/trinitron/screencapture.log ====
11:03:59 Gst.init OK
11:03:59 CreateSession…
11:03:59 session=/org/freedesktop/portal/desktop/session/1_243/trinitron2
11:03:59 SelectSources…
11:03:59 Start (opening picker dialog)…
11:04:07 Start returned streams=[(119, {'id': '0', 'source_type': 2, 'size': (1920, 1080)})]
11:04:07 OpenPipeWireRemote…
11:04:07 pipewire fd=82 node=119
11:04:07 parse_launch pipewiresrc fd=82 path=119
11:04:07 pipeline PLAYING
11:04:07 [size] captured frame 1280x982 → set_aspect
11:04:07 [draw] frame=1280x982 aspect=(1280, 982) swapchain=1920x945 widget=1920x945 letterbox=(344,0,1231,945) filter=original
11:04:12 [draw] frame=1280x982 aspect=(1280, 982) swapchain=1920x945 widget=1920x945 letterbox=(344,0,1231,945) filter=original
11:04:16 [draw] frame=1280x982 aspect=(1280, 982) swapchain=1920x945 widget=1920x945 letterbox=(344,0,1231,945) filter=original
11:04:20 [draw] frame=1280x982 aspect=(1280, 982) swapchain=1920x1080 widget=1920x1080 letterbox=(256,0,1407,1080) filter=original
11:04:25 [draw] frame=1280x982 aspect=(1280, 982) swapchain=1920x1080 widget=1920x1080 letterbox=(256,0,1407,1080) filter=original
11:04:30 [draw] frame=1280x982 aspect=(1280, 982) swapchain=1920x1080 widget=1920x1080 letterbox=(256,0,1407,1080) filter=original
11:04:35 [draw] frame=1280x982 aspect=(1280, 982) swapchain=1920x1080 widget=1920x1080 letterbox=(256,0,1407,1080) filter=original
11:04:40 [draw] frame=1280x982 aspect=(1280, 982) swapchain=1920x1080 widget=1920x1080 letterbox=(256,0,1407,1080) filter=original
11:04:45 [draw] frame=1280x982 aspect=(1280, 982) swapchain=1920x1080 widget=1920x1080 letterbox=(256,0,1407,1080) filter=original
11:04:50 [draw] frame=1280x982 aspect=(1280, 982) swapchain=1920x1080 widget=1920x1080 letterbox=(256,0,1407,1080) filter=original
11:04:55 [draw] frame=854x480 aspect=(1280, 982) swapchain=1920x1080 widget=1920x1080 letterbox=(256,0,1407,1080) filter=blurrycrt
11:04:59 [draw] frame=854x480 aspect=(1280, 982) swapchain=1920x1080 widget=1920x1080 letterbox=(256,0,1407,1080) filter=blurrycrt
11:05:02 [draw] frame=854x480 aspect=(1280, 982) swapchain=1920x1080 widget=1920x1080 letterbox=(256,0,1407,1080) filter=blurrycrt
11:05:07 [draw] frame=854x480 aspect=(1280, 982) swapchain=1920x1080 widget=1920x1080 letterbox=(256,0,1407,1080) filter=blurrycrt
11:05:10 [draw] frame=854x480 aspect=(1280, 982) swapchain=1920x1080 widget=1920x1080 letterbox=(256,0,1407,1080) filter=blurrycrt
11:05:13 [draw] frame=854x480 aspect=(1280, 982) swapchain=1920x1080 widget=1920x1080 letterbox=(256,0,1407,1080) filter=blurrycrt
11:05:16 [draw] frame=854x480 aspect=(1280, 982) swapchain=1920x1080 widget=1920x1080 letterbox=(256,0,1407,1080) filter=blurrycrt
11:05:19 [draw] frame=854x480 aspect=(1280, 982) swapchain=1920x1080 widget=1920x1080 letterbox=(256,0,1407,1080) filter=blurrycrt
11:05:22 [draw] frame=854x480 aspect=(1280, 982) swapchain=1920x1080 widget=1920x1080 letterbox=(256,0,1407,1080) filter=blurrycrt
11:05:25 [draw] frame=854x480 aspect=(1280, 982) swapchain=1920x1080 widget=1920x1080 letterbox=(256,0,1407,1080) filter=blurrycrt
11:05:28 [draw] frame=854x480 aspect=(1280, 982) swapchain=1920x1080 widget=1920x1080 letterbox=(256,0,1407,1080) filter=blurrycrt
11:05:31 [draw] frame=854x480 aspect=(1280, 982) swapchain=1920x1080 widget=1920x1080 letterbox=(256,0,1407,1080) filter=blurrycrt
11:05:34 [draw] frame=854x480 aspect=(1280, 982) swapchain=1920x1080 widget=1920x1080 letterbox=(256,0,1407,1080) filter=blurrycrt
11:05:37 [draw] frame=854x480 aspect=(1280, 982) swapchain=1920x1080 widget=1920x1080 letterbox=(256,0,1407,1080) filter=blurrycrt
11:05:40 [draw] frame=854x480 aspect=(1280, 982) swapchain=1920x1080 widget=1920x1080 letterbox=(256,0,1407,1080) filter=blurrycrt
11:05:43 [draw] frame=854x480 aspect=(1280, 982) swapchain=1920x1080 widget=1920x1080 letterbox=(256,0,1407,1080) filter=blurrycrt
11:05:46 [draw] frame=854x480 aspect=(1280, 982) swapchain=1920x1080 widget=1920x1080 letterbox=(256,0,1407,1080) filter=blurrycrt
11:05:49 [draw] frame=854x480 aspect=(1280, 982) swapchain=1920x1080 widget=1920x1080 letterbox=(256,0,1407,1080) filter=blurrycrt
11:05:52 [draw] frame=854x480 aspect=(1280, 982) swapchain=1920x1080 widget=1920x1080 letterbox=(256,0,1407,1080) filter=blurrycrt
11:05:55 [draw] frame=854x480 aspect=(1280, 982) swapchain=1920x1080 widget=1920x1080 letterbox=(256,0,1407,1080) filter=blurrycrt
11:05:58 [draw] frame=854x480 aspect=(1280, 982) swapchain=1920x1080 widget=1920x1080 letterbox=(256,0,1407,1080) filter=blurrycrt
